[debug] [2023-10-03T01:37:37.174Z] ----------------------------------------------------------------------
[debug] [2023-10-03T01:37:37.176Z] Command:       C:\Program Files\nodejs\node.exe C:\Users\laritzdm\AppData\Roaming\npm\node_modules\firebase-tools\lib\bin\firebase.js init
[debug] [2023-10-03T01:37:37.176Z] CLI Version:   12.6.1
[debug] [2023-10-03T01:37:37.177Z] Platform:      win32
[debug] [2023-10-03T01:37:37.177Z] Node Version:  v18.17.1
[debug] [2023-10-03T01:37:37.178Z] Time:          Mon Oct 02 2023 21:37:37 GMT-0400 (Eastern Daylight Time)
[debug] [2023-10-03T01:37:37.178Z] ----------------------------------------------------------------------
[debug] 
[debug] [2023-10-03T01:37:37.188Z] > command requires scopes: ["email","openid","https://www.googleapis.com/auth/cloudplatformprojects.readonly","https://www.googleapis.com/auth/firebase","https://www.googleapis.com/auth/cloud-platform"]
[debug] [2023-10-03T01:37:37.188Z] > authorizing via signed-in user (daniellaritz94@gmail.com)
[info] 
     ######## #### ########  ######## ########     ###     ######  ########
     ##        ##  ##     ## ##       ##     ##  ##   ##  ##       ##
     ######    ##  ########  ######   ########  #########  ######  ######
     ##        ##  ##    ##  ##       ##     ## ##     ##       ## ##
     ##       #### ##     ## ######## ########  ##     ##  ######  ########

You're about to initialize a Firebase project in this directory:

  C:\Users\laritzdm\OneDrive - Rose-Hulman Institute of Technology\Documents\Fall Quarter 2023\CS 280 Web Development\Follow Along\FollowAlong5

[info] 
=== Project Setup
[info] 
[info] First, let's associate this project directory with a Firebase project.
[info] You can create multiple project aliases by running firebase use --add, 
[info] but for now we'll just set up a default project.
[info] 
[debug] [2023-10-03T01:38:01.900Z] >>> [apiv2][query] GET https://firebase.googleapis.com/v1beta1/projects pageSize=100
[debug] [2023-10-03T01:38:02.359Z] <<< [apiv2][status] GET https://firebase.googleapis.com/v1beta1/projects 200
[debug] [2023-10-03T01:38:02.360Z] <<< [apiv2][body] GET https://firebase.googleapis.com/v1beta1/projects [omitted]
[info] i  Using project laritzdm-firebase-tic-tac-toe (laritzdm-firebase-tic-tac-toe) 
[info] 
=== Hosting Setup
[info] 
[info] Your public directory is the folder (relative to your project directory) that
[info] will contain Hosting assets to be uploaded with firebase deploy. If you
[info] have a build process for your assets, use your build's output directory.
[info] 
[debug] [2023-10-03T01:39:41.800Z] Error: Path contains invalid characters: C:\Users\laritzdm\OneDrive - Rose-Hulman Institute of Technology\Documents\Fall Quarter 2023\CS 280 Web Development\Follow Along\FollowAlong5\"C:\Users\laritzdm\OneDrive - Rose-Hulman Institute of Technology\Documents\Fall Quarter 2023\CS 280 Web Development\Follow Along\FollowAlong5\public"
    at checkPath (C:\Users\laritzdm\AppData\Roaming\npm\node_modules\firebase-tools\node_modules\fs-extra\lib\mkdirs\utils.js:16:21)
    at module.exports.makeDirSync (C:\Users\laritzdm\AppData\Roaming\npm\node_modules\firebase-tools\node_modules\fs-extra\lib\mkdirs\make-dir.js:21:3)
    at Object.createFileSync (C:\Users\laritzdm\AppData\Roaming\npm\node_modules\firebase-tools\node_modules\fs-extra\lib\ensure\file.js:59:45)
    at Config.writeProjectFile (C:\Users\laritzdm\AppData\Roaming\npm\node_modules\firebase-tools\lib\config.js:152:12)
    at C:\Users\laritzdm\AppData\Roaming\npm\node_modules\firebase-tools\lib\config.js:176:22
    at process.processTicksAndRejections (node:internal/process/task_queues:95:5)
    at async doSetup (C:\Users\laritzdm\AppData\Roaming\npm\node_modules\firebase-tools\lib\init\features\hosting\index.js:141:13)
    at async init (C:\Users\laritzdm\AppData\Roaming\npm\node_modules\firebase-tools\lib\init\index.js:41:9)
[error] 
[error] Error: An unexpected error has occurred.
